log started: Fri Jul 20 18:05:15 2018

Log file: ./leap.log
>> #
>> # ----- leaprc for loading the ff14SB force field
>> # ----- NOTE: this is designed for PDB format 3!
>> #
>> #	load atom type hybridizations
>> #
>> addAtomTypes {
>> 	{ "H"   "H" "sp3" }
>> 	{ "HO"  "H" "sp3" }
>> 	{ "HS"  "H" "sp3" }
>> 	{ "H1"  "H" "sp3" }
>> 	{ "H2"  "H" "sp3" }
>> 	{ "H3"  "H" "sp3" }
>> 	{ "H4"  "H" "sp3" }
>> 	{ "H5"  "H" "sp3" }
>> 	{ "HW"  "H" "sp3" }
>> 	{ "HC"  "H" "sp3" }
>> 	{ "HA"  "H" "sp3" }
>> 	{ "HP"  "H" "sp3" }
>> 	{ "HZ"  "H" "sp3" }
>> 	{ "OH"  "O" "sp3" }
>> 	{ "OS"  "O" "sp3" }
>> 	{ "O"   "O" "sp2" }
>> 	{ "O2"  "O" "sp2" }
>> 	{ "OP"  "O" "sp2" }
>> 	{ "OW"  "O" "sp3" }
>> 	{ "CT"  "C" "sp3" }
>> 	{ "CX"  "C" "sp3" }
>> 	{ "C8"  "C" "sp3" }
>> 	{ "2C"  "C" "sp3" }
>> 	{ "3C"  "C" "sp3" }
>> 	{ "CH"  "C" "sp3" }
>> 	{ "CS"  "C" "sp2" }
>> 	{ "C"   "C" "sp2" }
>> 	{ "CO"   "C" "sp2" }
>> 	{ "C*"  "C" "sp2" }
>> 	{ "CA"  "C" "sp2" }
>> 	{ "CB"  "C" "sp2" }
>> 	{ "CC"  "C" "sp2" }
>> 	{ "CN"  "C" "sp2" }
>> 	{ "CM"  "C" "sp2" }
>> 	{ "CK"  "C" "sp2" }
>> 	{ "CQ"  "C" "sp2" }
>> 	{ "CD"  "C" "sp2" }
>> 	{ "C5"  "C" "sp2" }
>> 	{ "C4"  "C" "sp2" }
>> 	{ "CP"  "C" "sp2" }
>> 	{ "CI"  "C" "sp3" }
>> 	{ "CJ"  "C" "sp2" }
>> 	{ "CW"  "C" "sp2" }
>> 	{ "CV"  "C" "sp2" }
>> 	{ "CR"  "C" "sp2" }
>> 	{ "CA"  "C" "sp2" }
>> 	{ "CY"  "C" "sp2" }
>> 	{ "C0"  "Ca" "sp3" }
>> 	{ "MG"  "Mg" "sp3" }
>> 	{ "N"   "N" "sp2" }
>> 	{ "NA"  "N" "sp2" }
>> 	{ "N2"  "N" "sp2" }
>> 	{ "N*"  "N" "sp2" }
>> 	{ "NP"  "N" "sp2" }
>> 	{ "NQ"  "N" "sp2" }
>> 	{ "NB"  "N" "sp2" }
>> 	{ "NC"  "N" "sp2" }
>> 	{ "NT"  "N" "sp3" }
>> 	{ "NY"  "N" "sp2" }
>> 	{ "N3"  "N" "sp3" }
>> 	{ "S"   "S" "sp3" }
>> 	{ "SH"  "S" "sp3" }
>> 	{ "P"   "P" "sp3" }
>> 	{ "LP"  ""  "sp3" }
>> 	{ "EP"  ""  "sp3" }
>> 	{ "F"   "F" "sp3" }
>> 	{ "Cl"  "Cl" "sp3" }
>> 	{ "Br"  "Br" "sp3" }
>> 	{ "I"   "I"  "sp3" }
>> }
>> #
>> #	Load the main parameter set.
>> #
>> parm10 = loadamberparams parm10.dat
Loading parameters: /home/ignacio/applications/amber16/dat/leap/parm/parm10.dat
Reading title:
PARM99 + frcmod.ff99SB + frcmod.parmbsc0 + OL3 for RNA
(UNKNOWN ATOM TYPE: Zn)
(UNKNOWN ATOM TYPE: EP)
>> frcmod14SB = loadamberparams frcmod.ff14SB
Loading parameters: /home/ignacio/applications/amber16/dat/leap/parm/frcmod.ff14SB
Reading force field modification type file (frcmod)
Reading title:
ff14SB protein backbone and sidechain parameters
>> #
>> #	Load main chain and terminating amino acid libraries
>> #
>> loadOff amino12.lib
Loading library: /home/ignacio/applications/amber16/dat/leap/lib/amino12.lib
Loading: ALA
Loading: ARG
Loading: ASH
Loading: ASN
Loading: ASP
Loading: CYM
Loading: CYS
Loading: CYX
Loading: GLH
Loading: GLN
Loading: GLU
Loading: GLY
Loading: HID
Loading: HIE
Loading: HIP
Loading: HYP
Loading: ILE
Loading: LEU
Loading: LYN
Loading: LYS
Loading: MET
Loading: PHE
Loading: PRO
Loading: SER
Loading: THR
Loading: TRP
Loading: TYR
Loading: VAL
>> loadOff aminoct12.lib
Loading library: /home/ignacio/applications/amber16/dat/leap/lib/aminoct12.lib
Loading: CALA
Loading: CARG
Loading: CASN
Loading: CASP
Loading: CCYS
Loading: CCYX
Loading: CGLN
Loading: CGLU
Loading: CGLY
Loading: CHID
Loading: CHIE
Loading: CHIP
Loading: CHYP
Loading: CILE
Loading: CLEU
Loading: CLYS
Loading: CMET
Loading: CPHE
Loading: CPRO
Loading: CSER
Loading: CTHR
Loading: CTRP
Loading: CTYR
Loading: CVAL
Loading: NHE
Loading: NME
>> loadOff aminont12.lib
Loading library: /home/ignacio/applications/amber16/dat/leap/lib/aminont12.lib
Loading: ACE
Loading: NALA
Loading: NARG
Loading: NASN
Loading: NASP
Loading: NCYS
Loading: NCYX
Loading: NGLN
Loading: NGLU
Loading: NGLY
Loading: NHID
Loading: NHIE
Loading: NHIP
Loading: NILE
Loading: NLEU
Loading: NLYS
Loading: NMET
Loading: NPHE
Loading: NPRO
Loading: NSER
Loading: NTHR
Loading: NTRP
Loading: NTYR
Loading: NVAL
>> 
>> #
>> #	Define the PDB name map for the amino acids
>> #
>> addPdbResMap {
>>   { 0 "HYP" "HYP" } { 1 "HYP" "CHYP" }
>>   { 0 "ALA" "NALA" } { 1 "ALA" "CALA" }
>>   { 0 "ARG" "NARG" } { 1 "ARG" "CARG" }
>>   { 0 "ASN" "NASN" } { 1 "ASN" "CASN" }
>>   { 0 "ASP" "NASP" } { 1 "ASP" "CASP" }
>>   { 0 "CYS" "NCYS" } { 1 "CYS" "CCYS" }
>>   { 0 "CYX" "NCYX" } { 1 "CYX" "CCYX" }
>>   { 0 "GLN" "NGLN" } { 1 "GLN" "CGLN" }
>>   { 0 "GLU" "NGLU" } { 1 "GLU" "CGLU" }
>>   { 0 "GLY" "NGLY" } { 1 "GLY" "CGLY" }
>>   { 0 "HID" "NHID" } { 1 "HID" "CHID" }
>>   { 0 "HIE" "NHIE" } { 1 "HIE" "CHIE" }
>>   { 0 "HIP" "NHIP" } { 1 "HIP" "CHIP" }
>>   { 0 "ILE" "NILE" } { 1 "ILE" "CILE" }
>>   { 0 "LEU" "NLEU" } { 1 "LEU" "CLEU" }
>>   { 0 "LYS" "NLYS" } { 1 "LYS" "CLYS" }
>>   { 0 "MET" "NMET" } { 1 "MET" "CMET" }
>>   { 0 "PHE" "NPHE" } { 1 "PHE" "CPHE" }
>>   { 0 "PRO" "NPRO" } { 1 "PRO" "CPRO" }
>>   { 0 "SER" "NSER" } { 1 "SER" "CSER" }
>>   { 0 "THR" "NTHR" } { 1 "THR" "CTHR" }
>>   { 0 "TRP" "NTRP" } { 1 "TRP" "CTRP" }
>>   { 0 "TYR" "NTYR" } { 1 "TYR" "CTYR" }
>>   { 0 "VAL" "NVAL" } { 1 "VAL" "CVAL" }
>>   { 0 "HIS" "NHIS" } { 1 "HIS" "CHIS" }
>> }
>> 
>> #
>> # assume that most often proteins use HIE
>> #
>> NHIS = NHIE
>> HIS = HIE
>> CHIS = CHIE
> 
> lu = loadpdb 2baf_sh.pdb
Loading PDB file: ./2baf_sh.pdb
Enter zPdbReadScan from call depth  0.
Exit  zPdbReadScan from call depth  0.
Matching PDB residue names to LEaP variables.
Mapped residue MET, term: Terminal/beginning, seq. number: 0 to: NMET.
(Residue 1: GLY, Nonterminal, was not found in name map.)
(Residue 2: THR, Nonterminal, was not found in name map.)
(Residue 3: PHE, Nonterminal, was not found in name map.)
(Residue 4: ARG, Nonterminal, was not found in name map.)
(Residue 5: GLU, Nonterminal, was not found in name map.)
(Residue 6: GLU, Nonterminal, was not found in name map.)
(Residue 7: GLY, Nonterminal, was not found in name map.)
(Residue 8: SER, Nonterminal, was not found in name map.)
(Residue 9: VAL, Nonterminal, was not found in name map.)
(Residue 10: SER, Nonterminal, was not found in name map.)
(Residue 11: SER, Nonterminal, was not found in name map.)
(Residue 12: GLY, Nonterminal, was not found in name map.)
(Residue 13: THR, Nonterminal, was not found in name map.)
(Residue 14: LYS, Nonterminal, was not found in name map.)
(Residue 15: GLN, Nonterminal, was not found in name map.)
(Residue 16: GLU, Nonterminal, was not found in name map.)
(Residue 17: PHE, Nonterminal, was not found in name map.)
(Residue 18: HIS, Nonterminal, was not found in name map.)
(Residue 19: THR, Nonterminal, was not found in name map.)
(Residue 20: GLY, Nonterminal, was not found in name map.)
(Residue 21: LYS, Nonterminal, was not found in name map.)
(Residue 22: LEU, Nonterminal, was not found in name map.)
(Residue 23: VAL, Nonterminal, was not found in name map.)
(Residue 24: THR, Nonterminal, was not found in name map.)
(Residue 25: THR, Nonterminal, was not found in name map.)
(Residue 26: LYS, Nonterminal, was not found in name map.)
(Residue 27: GLY, Nonterminal, was not found in name map.)
(Residue 28: ASP, Nonterminal, was not found in name map.)
(Residue 29: LYS, Nonterminal, was not found in name map.)
(Residue 30: GLU, Nonterminal, was not found in name map.)
(Residue 31: LEU, Nonterminal, was not found in name map.)
(Residue 32: LEU, Nonterminal, was not found in name map.)
(Residue 33: ILE, Nonterminal, was not found in name map.)
(Residue 34: ASP, Nonterminal, was not found in name map.)
(Residue 35: ASN, Nonterminal, was not found in name map.)
(Residue 36: GLU, Nonterminal, was not found in name map.)
(Residue 37: LYS, Nonterminal, was not found in name map.)
(Residue 38: VAL, Nonterminal, was not found in name map.)
(Residue 39: THR, Nonterminal, was not found in name map.)
(Residue 40: SER, Nonterminal, was not found in name map.)
(Residue 41: GLY, Nonterminal, was not found in name map.)
(Residue 42: HIS, Nonterminal, was not found in name map.)
(Residue 43: THR, Nonterminal, was not found in name map.)
(Residue 44: THR, Nonterminal, was not found in name map.)
(Residue 45: THR, Nonterminal, was not found in name map.)
(Residue 46: THR, Nonterminal, was not found in name map.)
(Residue 47: ARG, Nonterminal, was not found in name map.)
(Residue 48: ARG, Nonterminal, was not found in name map.)
(Residue 49: SER, Nonterminal, was not found in name map.)
(Residue 50: CYS, Nonterminal, was not found in name map.)
(Residue 51: SER, Nonterminal, was not found in name map.)
(Residue 52: LYS, Nonterminal, was not found in name map.)
(Residue 53: VAL, Nonterminal, was not found in name map.)
(Residue 54: ILE, Nonterminal, was not found in name map.)
(Residue 55: THR, Nonterminal, was not found in name map.)
(Residue 56: LYS, Nonterminal, was not found in name map.)
(Residue 57: THR, Nonterminal, was not found in name map.)
(Residue 58: VAL, Nonterminal, was not found in name map.)
(Residue 59: THR, Nonterminal, was not found in name map.)
(Residue 60: ASN, Nonterminal, was not found in name map.)
(Residue 61: ALA, Nonterminal, was not found in name map.)
(Residue 62: ASP, Nonterminal, was not found in name map.)
(Residue 63: GLY, Nonterminal, was not found in name map.)
(Residue 64: ARG, Nonterminal, was not found in name map.)
(Residue 65: THR, Nonterminal, was not found in name map.)
(Residue 66: GLU, Nonterminal, was not found in name map.)
(Residue 67: THR, Nonterminal, was not found in name map.)
(Residue 68: THR, Nonterminal, was not found in name map.)
(Residue 69: LYS, Nonterminal, was not found in name map.)
(Residue 70: GLU, Nonterminal, was not found in name map.)
(Residue 71: VAL, Nonterminal, was not found in name map.)
(Residue 72: VAL, Nonterminal, was not found in name map.)
(Residue 73: LYS, Nonterminal, was not found in name map.)
(Residue 74: SER, Nonterminal, was not found in name map.)
(Residue 75: GLU, Nonterminal, was not found in name map.)
(Residue 76: ASP, Nonterminal, was not found in name map.)
(Residue 77: GLY, Nonterminal, was not found in name map.)
(Residue 78: SER, Nonterminal, was not found in name map.)
(Residue 79: ASP, Nonterminal, was not found in name map.)
(Residue 80: CYS, Nonterminal, was not found in name map.)
(Residue 81: GLY, Nonterminal, was not found in name map.)
(Residue 82: ASP, Nonterminal, was not found in name map.)
(Residue 83: ALA, Nonterminal, was not found in name map.)
(Residue 84: ASP, Nonterminal, was not found in name map.)
(Residue 85: PHE, Nonterminal, was not found in name map.)
(Residue 86: ASP, Nonterminal, was not found in name map.)
(Residue 87: TRP, Nonterminal, was not found in name map.)
(Residue 88: HIS, Nonterminal, was not found in name map.)
(Residue 89: HIS, Nonterminal, was not found in name map.)
(Residue 90: THR, Nonterminal, was not found in name map.)
(Residue 91: PHE, Nonterminal, was not found in name map.)
(Residue 92: PRO, Nonterminal, was not found in name map.)
(Residue 93: SER, Nonterminal, was not found in name map.)
(Residue 94: ARG, Nonterminal, was not found in name map.)
(Residue 95: GLY, Nonterminal, was not found in name map.)
(Residue 96: ASN, Nonterminal, was not found in name map.)
(Residue 97: LEU, Nonterminal, was not found in name map.)
(Residue 98: ASP, Nonterminal, was not found in name map.)
(Residue 99: ASP, Nonterminal, was not found in name map.)
(Residue 100: PHE, Nonterminal, was not found in name map.)
(Residue 101: PHE, Nonterminal, was not found in name map.)
(Residue 102: HIS, Nonterminal, was not found in name map.)
(Residue 103: ARG, Nonterminal, was not found in name map.)
(Residue 104: ASP, Nonterminal, was not found in name map.)
(Residue 105: LYS, Nonterminal, was not found in name map.)
(Residue 106: ASP, Nonterminal, was not found in name map.)
(Residue 107: ASP, Nonterminal, was not found in name map.)
(Residue 108: PHE, Nonterminal, was not found in name map.)
(Residue 109: PHE, Nonterminal, was not found in name map.)
(Residue 110: THR, Nonterminal, was not found in name map.)
(Residue 111: ARG, Nonterminal, was not found in name map.)
(Residue 112: SER, Nonterminal, was not found in name map.)
(Residue 113: SER, Nonterminal, was not found in name map.)
(Residue 114: HIS, Nonterminal, was not found in name map.)
(Residue 115: GLU, Nonterminal, was not found in name map.)
(Residue 116: PHE, Nonterminal, was not found in name map.)
(Residue 117: ASP, Nonterminal, was not found in name map.)
(Residue 118: GLY, Nonterminal, was not found in name map.)
(Residue 119: ARG, Nonterminal, was not found in name map.)
(Residue 120: THR, Nonterminal, was not found in name map.)
(Residue 121: GLY, Nonterminal, was not found in name map.)
(Residue 122: LEU, Nonterminal, was not found in name map.)
(Residue 123: ALA, Nonterminal, was not found in name map.)
(Residue 124: PRO, Nonterminal, was not found in name map.)
(Residue 125: GLU, Nonterminal, was not found in name map.)
(Residue 126: PHE, Nonterminal, was not found in name map.)
(Residue 127: ALA, Nonterminal, was not found in name map.)
(Residue 128: ALA, Nonterminal, was not found in name map.)
(Residue 129: LEU, Nonterminal, was not found in name map.)
(Residue 130: GLY, Nonterminal, was not found in name map.)
(Residue 131: GLU, Nonterminal, was not found in name map.)
(Residue 132: SER, Nonterminal, was not found in name map.)
(Residue 133: GLY, Nonterminal, was not found in name map.)
(Residue 134: SER, Nonterminal, was not found in name map.)
(Residue 135: SER, Nonterminal, was not found in name map.)
(Residue 136: SER, Nonterminal, was not found in name map.)
(Residue 137: SER, Nonterminal, was not found in name map.)
(Residue 138: LYS, Nonterminal, was not found in name map.)
(Residue 139: THR, Nonterminal, was not found in name map.)
(Residue 140: SER, Nonterminal, was not found in name map.)
(Residue 141: THR, Nonterminal, was not found in name map.)
(Residue 142: HIS, Nonterminal, was not found in name map.)
(Residue 143: SER, Nonterminal, was not found in name map.)
(Residue 144: LYS, Nonterminal, was not found in name map.)
(Residue 145: GLN, Nonterminal, was not found in name map.)
(Residue 146: PHE, Nonterminal, was not found in name map.)
(Residue 147: VAL, Nonterminal, was not found in name map.)
(Residue 148: SER, Nonterminal, was not found in name map.)
(Residue 149: SER, Nonterminal, was not found in name map.)
(Residue 150: SER, Nonterminal, was not found in name map.)
(Residue 151: THR, Nonterminal, was not found in name map.)
(Residue 152: THR, Nonterminal, was not found in name map.)
(Residue 153: VAL, Nonterminal, was not found in name map.)
(Residue 154: ASN, Nonterminal, was not found in name map.)
(Residue 155: ARG, Nonterminal, was not found in name map.)
(Residue 156: GLY, Nonterminal, was not found in name map.)
(Residue 157: GLY, Nonterminal, was not found in name map.)
(Residue 158: SER, Nonterminal, was not found in name map.)
(Residue 159: ALA, Nonterminal, was not found in name map.)
(Residue 160: ILE, Nonterminal, was not found in name map.)
(Residue 161: GLU, Nonterminal, was not found in name map.)
(Residue 162: SER, Nonterminal, was not found in name map.)
(Residue 163: LYS, Nonterminal, was not found in name map.)
(Residue 164: HIS, Nonterminal, was not found in name map.)
Mapped residue PHE, term: Terminal/last, seq. number: 165 to: CPHE.
Joining NMET - GLY
Joining GLY - THR
Joining THR - PHE
Joining PHE - ARG
Joining ARG - GLU
Joining GLU - GLU
Joining GLU - GLY
Joining GLY - SER
Joining SER - VAL
Joining VAL - SER
Joining SER - SER
Joining SER - GLY
Joining GLY - THR
Joining THR - LYS
Joining LYS - GLN
Joining GLN - GLU
Joining GLU - PHE
Joining PHE - HIE
Joining HIE - THR
Joining THR - GLY
Joining GLY - LYS
Joining LYS - LEU
Joining LEU - VAL
Joining VAL - THR
Joining THR - THR
Joining THR - LYS
Joining LYS - GLY
Joining GLY - ASP
Joining ASP - LYS
Joining LYS - GLU
Joining GLU - LEU
Joining LEU - LEU
Joining LEU - ILE
Joining ILE - ASP
Joining ASP - ASN
Joining ASN - GLU
Joining GLU - LYS
Joining LYS - VAL
Joining VAL - THR
Joining THR - SER
Joining SER - GLY
Joining GLY - HIE
Joining HIE - THR
Joining THR - THR
Joining THR - THR
Joining THR - THR
Joining THR - ARG
Joining ARG - ARG
Joining ARG - SER
Joining SER - CYS
Joining CYS - SER
Joining SER - LYS
Joining LYS - VAL
Joining VAL - ILE
Joining ILE - THR
Joining THR - LYS
Joining LYS - THR
Joining THR - VAL
Joining VAL - THR
Joining THR - ASN
Joining ASN - ALA
Joining ALA - ASP
Joining ASP - GLY
Joining GLY - ARG
Joining ARG - THR
Joining THR - GLU
Joining GLU - THR
Joining THR - THR
Joining THR - LYS
Joining LYS - GLU
Joining GLU - VAL
Joining VAL - VAL
Joining VAL - LYS
Joining LYS - SER
Joining SER - GLU
Joining GLU - ASP
Joining ASP - GLY
Joining GLY - SER
Joining SER - ASP
Joining ASP - CYS
Joining CYS - GLY
Joining GLY - ASP
Joining ASP - ALA
Joining ALA - ASP
Joining ASP - PHE
Joining PHE - ASP
Joining ASP - TRP
Joining TRP - HIE
Joining HIE - HIE
Joining HIE - THR
Joining THR - PHE
Joining PHE - PRO
Joining PRO - SER
Joining SER - ARG
Joining ARG - GLY
Joining GLY - ASN
Joining ASN - LEU
Joining LEU - ASP
Joining ASP - ASP
Joining ASP - PHE
Joining PHE - PHE
Joining PHE - HIE
Joining HIE - ARG
Joining ARG - ASP
Joining ASP - LYS
Joining LYS - ASP
Joining ASP - ASP
Joining ASP - PHE
Joining PHE - PHE
Joining PHE - THR
Joining THR - ARG
Joining ARG - SER
Joining SER - SER
Joining SER - HIE
Joining HIE - GLU
Joining GLU - PHE
Joining PHE - ASP
Joining ASP - GLY
Joining GLY - ARG
Joining ARG - THR
Joining THR - GLY
Joining GLY - LEU
Joining LEU - ALA
Joining ALA - PRO
Joining PRO - GLU
Joining GLU - PHE
Joining PHE - ALA
Joining ALA - ALA
Joining ALA - LEU
Joining LEU - GLY
Joining GLY - GLU
Joining GLU - SER
Joining SER - GLY
Joining GLY - SER
Joining SER - SER
Joining SER - SER
Joining SER - SER
Joining SER - LYS
Joining LYS - THR
Joining THR - SER
Joining SER - THR
Joining THR - HIE
Joining HIE - SER
Joining SER - LYS
Joining LYS - GLN
Joining GLN - PHE
Joining PHE - VAL
Joining VAL - SER
Joining SER - SER
Joining SER - SER
Joining SER - THR
Joining THR - THR
Joining THR - VAL
Joining VAL - ASN
Joining ASN - ARG
Joining ARG - GLY
Joining GLY - GLY
Joining GLY - SER
Joining SER - ALA
Joining ALA - ILE
Joining ILE - GLU
Joining GLU - SER
Joining SER - LYS
Joining LYS - HIE
Joining HIE - CPHE
  total atoms in file: 1275
  Leap added 1197 missing atoms according to residue templates:
       1197 H / lone pairs
> check lu
Checking 'lu'....
WARNING: The unperturbed charge of the unit: -4.000000 is not zero.
Warning: Close contact of 1.463239 angstroms between .R<GLU 31>.A<H 2> and .R<LEU 32>.A<H 2>
Warning: Close contact of 1.386181 angstroms between .R<CYS 51>.A<SG 8> and .R<CYS 81>.A<HG 9>
Checking parameters for unit 'lu'.
Checking for bond parameters.
Checking for angle parameters.
check:  Warnings: 3
Unit is OK.
> loadamberparams frcmod.ionsjc_tip3p
Loading parameters: /home/ignacio/applications/amber16/dat/leap/parm/frcmod.ionsjc_tip3p
Reading force field modification type file (frcmod)
Reading title:
Monovalent ion parameters for Ewald and TIP3P water from Joung & Cheatham JPCB (2008)
(UNKNOWN ATOM TYPE: Li+)
(UNKNOWN ATOM TYPE: Na+)
(UNKNOWN ATOM TYPE: K+)
(UNKNOWN ATOM TYPE: Rb+)
(UNKNOWN ATOM TYPE: Cs+)
(UNKNOWN ATOM TYPE: F-)
(UNKNOWN ATOM TYPE: Cl-)
(UNKNOWN ATOM TYPE: Br-)
(UNKNOWN ATOM TYPE: I-)
> source leaprc.water.tip3p
----- Source: /home/ignacio/applications/amber16/dat/leap/cmd/leaprc.water.tip3p
----- Source of /home/ignacio/applications/amber16/dat/leap/cmd/leaprc.water.tip3p done
>> #
>> #       Load water and ions for TIP3P + Joung-Chetham monovalent ions
>> #       + Li/Merz highly charged ions (+2 to +4, 12-6 normal usage set)
>> #
>> addAtomTypes {
>> 	{ "HW"  "H" "sp3" }
>> 	{ "OW"  "O" "sp3" }
>> 	{ "F-"   "F" "sp3" }
>> 	{ "Cl-"  "Cl" "sp3" }
>> 	{ "Br-"  "Br" "sp3" }
>> 	{ "I-"   "I"  "sp3" }
>> 	{ "Li+"  "Li"  "sp3" }
>> 	{ "Na+"  "Na"  "sp3" }
>> 	{ "K+"  "K"  "sp3" }
>> 	{ "Rb+"  "Rb"  "sp3" }
>> 	{ "Cs+"  "Cs"  "sp3" }
>> 	{ "Mg+"  "Mg"  "sp3" }
>>     { "Tl+"  "Tl"  "sp3" }
>>     { "Cu+"  "Cu"  "sp3" }
>>     { "Ag+"  "Ag"  "sp3" }
>>     { "Be2+" "Be"  "sp3" }
>>     { "Cu2+" "Cu"  "sp3" }
>>     { "Ni2+" "Ni"  "sp3" }
>>     { "Pt2+" "Pt"  "sp3" }
>>     { "Zn2+" "Zn"  "sp3" }
>>     { "Co2+" "Co"  "sp3" }
>>     { "Pd2+" "Pd"  "sp3" }
>>     { "Ag2+" "Ag"  "sp3" }
>>     { "Cr2+" "Cr"  "sp3" }
>>     { "Fe2+" "Fe"  "sp3" }
>>     { "Mg2+" "Mg"  "sp3" }
>>     { "V2+"  "V"   "sp3" }
>>     { "Mn2+" "Mn"  "sp3" }
>>     { "Hg2+" "Hg"  "sp3" }
>>     { "Cd2+" "Cd"  "sp3" }
>>     { "Yb2+" "Yb"  "sp3" }
>>     { "Ca2+" "Ca"  "sp3" }
>>     { "Sn2+" "Sn"  "sp3" }
>>     { "Pb2+" "Pb"  "sp3" }
>>     { "Eu2+" "Eu"  "sp3" }
>>     { "Sr2+" "Sr"  "sp3" }
>>     { "Sm2+" "Sm"  "sp3" }
>>     { "Ba2+" "Ba"  "sp3" }
>>     { "Ra2+" "Ra"  "sp3" }
>>     { "Al3+" "Al"  "sp3" }
>>     { "Fe3+" "Fe"  "sp3" }
>>     { "Cr3+" "Cr"  "sp3" }
>>     { "In3+" "In"  "sp3" }
>>     { "Tl3+" "Tl"  "sp3" }
>>     { "Y3+"  "Y"   "sp3" }
>>     { "La3+" "La"  "sp3" }
>>     { "Ce3+" "Ce"  "sp3" }
>>     { "Pr3+" "Pr"  "sp3" }
>>     { "Nd3+" "Nd"  "sp3" }
>>     { "Sm3+" "Sm"  "sp3" }
>>     { "Eu3+" "Eu"  "sp3" }
>>     { "Gd3+" "Gd"  "sp3" }
>>     { "Tb3+" "Tb"  "sp3" }
>>     { "Dy3+" "Dy"  "sp3" }
>>     { "Er3+" "Er"  "sp3" }
>>     { "Tm3+" "Tm"  "sp3" }
>>     { "Lu3+" "Lu"  "sp3" }
>>     { "Hf4+" "Hf"  "sp3" }
>>     { "Zr4+" "Zr"  "sp3" }
>>     { "Ce4+" "Ce"  "sp3" }
>>     { "U4+"  "U"   "sp3" }
>>     { "Pu4+" "Pu"  "sp3" }
>>     { "Th4+" "Th"  "sp3" }
>> }
>> loadOff atomic_ions.lib
Loading library: /home/ignacio/applications/amber16/dat/leap/lib/atomic_ions.lib
Loading: AG
Loading: AL
Loading: Ag
Loading: BA
Loading: BR
Loading: Be
Loading: CA
Loading: CD
Loading: CE
Loading: CL
Loading: CO
Loading: CR
Loading: CS
Loading: CU
Loading: CU1
Loading: Ce
Loading: Cl-
Loading: Cr
Loading: Dy
Loading: EU
Loading: EU3
Loading: Er
Loading: F
Loading: FE
Loading: FE2
Loading: GD3
Loading: H3O+
Loading: HE+
Loading: HG
Loading: HZ+
Loading: Hf
Loading: IN
Loading: IOD
Loading: K
Loading: K+
Loading: LA
Loading: LI
Loading: LU
Loading: MG
Loading: MN
Loading: NA
Loading: NH4
Loading: NI
Loading: Na+
Loading: Nd
Loading: PB
Loading: PD
Loading: PR
Loading: PT
Loading: Pu
Loading: RB
Loading: Ra
Loading: SM
Loading: SR
Loading: Sm
Loading: Sn
Loading: TB
Loading: TL
Loading: Th
Loading: Tl
Loading: Tm
Loading: U4+
Loading: V2+
Loading: Y
Loading: YB2
Loading: ZN
Loading: Zr
>> loadOff solvents.lib
Loading library: /home/ignacio/applications/amber16/dat/leap/lib/solvents.lib
Loading: CHCL3BOX
Loading: DC4
Loading: FB3
Loading: FB3BOX
Loading: FB4
Loading: FB4BOX
Loading: MEOHBOX
Loading: NMABOX
Loading: OP3
Loading: OPC
Loading: OPC3BOX
Loading: OPCBOX
Loading: PL3
Loading: POL3BOX
Loading: QSPCFWBOX
Loading: SPC
Loading: SPCBOX
Loading: SPCFWBOX
Loading: SPF
Loading: SPG
Loading: T4E
Loading: TIP3PBOX
Loading: TIP3PFBOX
Loading: TIP4PBOX
Loading: TIP4PEWBOX
Loading: TIP5PBOX
Loading: TP3
Loading: TP4
Loading: TP5
Loading: TPF
>> HOH = TP3
>> WAT = TP3
>> loadAmberParams frcmod.tip3p
Loading parameters: /home/ignacio/applications/amber16/dat/leap/parm/frcmod.tip3p
Reading force field modification type file (frcmod)
Reading title:
This is the additional/replacement parameter set for SPC/E water
>> loadAmberParams frcmod.ionsjc_tip3p
Loading parameters: /home/ignacio/applications/amber16/dat/leap/parm/frcmod.ionsjc_tip3p
Reading force field modification type file (frcmod)
Reading title:
Monovalent ion parameters for Ewald and TIP3P water from Joung & Cheatham JPCB (2008)
>> loadAmberParams frcmod.ions234lm_126_tip3p
Loading parameters: /home/ignacio/applications/amber16/dat/leap/parm/frcmod.ions234lm_126_tip3p
Reading force field modification type file (frcmod)
Reading title:
Li/Merz ion parameters of divalent to tetravalent ions for TIP3P water model (12-6 normal usage set)
>> 
> 
> solvatebox lu TIP3PBOX 10.0
  Solute vdw bounding box:              222.312 58.138 132.146
  Total bounding box for atom centers:  242.312 78.138 152.146
  Solvent unit box:                     18.774 18.774 18.774
The number of boxes:  x=13  y= 5  z= 9
Adding box at: x=0  y=0  z=0
Center of solvent box is: 112.646094, 37.548698, 75.097396
Adding box at: x=0  y=0  z=1
Center of solvent box is: 112.646094, 37.548698, 56.323047
Adding box at: x=0  y=0  z=2
Center of solvent box is: 112.646094, 37.548698, 37.548698
Adding box at: x=0  y=0  z=3
Center of solvent box is: 112.646094, 37.548698, 18.774349
Adding box at: x=0  y=0  z=4
Center of solvent box is: 112.646094, 37.548698, 0.000000
Adding box at: x=0  y=0  z=5
Center of solvent box is: 112.646094, 37.548698, -18.774349
Adding box at: x=0  y=0  z=6
Center of solvent box is: 112.646094, 37.548698, -37.548698
Adding box at: x=0  y=0  z=7
Center of solvent box is: 112.646094, 37.548698, -56.323047
Adding box at: x=0  y=0  z=8
Center of solvent box is: 112.646094, 37.548698, -75.097396
Adding box at: x=0  y=1  z=0
Center of solvent box is: 112.646094, 18.774349, 75.097396
Adding box at: x=0  y=1  z=1
Center of solvent box is: 112.646094, 18.774349, 56.323047
Adding box at: x=0  y=1  z=2
Center of solvent box is: 112.646094, 18.774349, 37.548698
Adding box at: x=0  y=1  z=3
Center of solvent box is: 112.646094, 18.774349, 18.774349
Adding box at: x=0  y=1  z=4
Center of solvent box is: 112.646094, 18.774349, 0.000000
Adding box at: x=0  y=1  z=5
Center of solvent box is: 112.646094, 18.774349, -18.774349
Adding box at: x=0  y=1  z=6
Center of solvent box is: 112.646094, 18.774349, -37.548698
Adding box at: x=0  y=1  z=7
Center of solvent box is: 112.646094, 18.774349, -56.323047
Adding box at: x=0  y=1  z=8
Center of solvent box is: 112.646094, 18.774349, -75.097396
Adding box at: x=0  y=2  z=0
Center of solvent box is: 112.646094, 0.000000, 75.097396
Adding box at: x=0  y=2  z=1
Center of solvent box is: 112.646094, 0.000000, 56.323047
Adding box at: x=0  y=2  z=2
Center of solvent box is: 112.646094, 0.000000, 37.548698
Adding box at: x=0  y=2  z=3
Center of solvent box is: 112.646094, 0.000000, 18.774349
Adding box at: x=0  y=2  z=4
Center of solvent box is: 112.646094, 0.000000, 0.000000
Adding box at: x=0  y=2  z=5
Center of solvent box is: 112.646094, 0.000000, -18.774349
Adding box at: x=0  y=2  z=6
Center of solvent box is: 112.646094, 0.000000, -37.548698
Adding box at: x=0  y=2  z=7
Center of solvent box is: 112.646094, 0.000000, -56.323047
Adding box at: x=0  y=2  z=8
Center of solvent box is: 112.646094, 0.000000, -75.097396
Adding box at: x=0  y=3  z=0
Center of solvent box is: 112.646094, -18.774349, 75.097396
Adding box at: x=0  y=3  z=1
Center of solvent box is: 112.646094, -18.774349, 56.323047
Adding box at: x=0  y=3  z=2
Center of solvent box is: 112.646094, -18.774349, 37.548698
Adding box at: x=0  y=3  z=3
Center of solvent box is: 112.646094, -18.774349, 18.774349
Adding box at: x=0  y=3  z=4
Center of solvent box is: 112.646094, -18.774349, 0.000000
Adding box at: x=0  y=3  z=5
Center of solvent box is: 112.646094, -18.774349, -18.774349
Adding box at: x=0  y=3  z=6
Center of solvent box is: 112.646094, -18.774349, -37.548698
Adding box at: x=0  y=3  z=7
Center of solvent box is: 112.646094, -18.774349, -56.323047
Adding box at: x=0  y=3  z=8
Center of solvent box is: 112.646094, -18.774349, -75.097396
Adding box at: x=0  y=4  z=0
Center of solvent box is: 112.646094, -37.548698, 75.097396
Adding box at: x=0  y=4  z=1
Center of solvent box is: 112.646094, -37.548698, 56.323047
Adding box at: x=0  y=4  z=2
Center of solvent box is: 112.646094, -37.548698, 37.548698
Adding box at: x=0  y=4  z=3
Center of solvent box is: 112.646094, -37.548698, 18.774349
Adding box at: x=0  y=4  z=4
Center of solvent box is: 112.646094, -37.548698, 0.000000
Adding box at: x=0  y=4  z=5
Center of solvent box is: 112.646094, -37.548698, -18.774349
Adding box at: x=0  y=4  z=6
Center of solvent box is: 112.646094, -37.548698, -37.548698
Adding box at: x=0  y=4  z=7
Center of solvent box is: 112.646094, -37.548698, -56.323047
Adding box at: x=0  y=4  z=8
Center of solvent box is: 112.646094, -37.548698, -75.097396
Adding box at: x=1  y=0  z=0
Center of solvent box is: 93.871745, 37.548698, 75.097396
Adding box at: x=1  y=0  z=1
Center of solvent box is: 93.871745, 37.548698, 56.323047
Adding box at: x=1  y=0  z=2
Center of solvent box is: 93.871745, 37.548698, 37.548698
Adding box at: x=1  y=0  z=3
Center of solvent box is: 93.871745, 37.548698, 18.774349
Adding box at: x=1  y=0  z=4
Center of solvent box is: 93.871745, 37.548698, 0.000000
Adding box at: x=1  y=0  z=5
Center of solvent box is: 93.871745, 37.548698, -18.774349
Adding box at: x=1  y=0  z=6
Center of solvent box is: 93.871745, 37.548698, -37.548698
Adding box at: x=1  y=0  z=7
Center of solvent box is: 93.871745, 37.548698, -56.323047
Adding box at: x=1  y=0  z=8
Center of solvent box is: 93.871745, 37.548698, -75.097396
Adding box at: x=1  y=1  z=0
Center of solvent box is: 93.871745, 18.774349, 75.097396
Adding box at: x=1  y=1  z=1
Center of solvent box is: 93.871745, 18.774349, 56.323047
Adding box at: x=1  y=1  z=2
Center of solvent box is: 93.871745, 18.774349, 37.548698
Adding box at: x=1  y=1  z=3
Center of solvent box is: 93.871745, 18.774349, 18.774349
Adding box at: x=1  y=1  z=4
Center of solvent box is: 93.871745, 18.774349, 0.000000
Adding box at: x=1  y=1  z=5
Center of solvent box is: 93.871745, 18.774349, -18.774349
Adding box at: x=1  y=1  z=6
Center of solvent box is: 93.871745, 18.774349, -37.548698
Adding box at: x=1  y=1  z=7
Center of solvent box is: 93.871745, 18.774349, -56.323047
Adding box at: x=1  y=1  z=8
Center of solvent box is: 93.871745, 18.774349, -75.097396
Adding box at: x=1  y=2  z=0
Center of solvent box is: 93.871745, 0.000000, 75.097396
Adding box at: x=1  y=2  z=1
Center of solvent box is: 93.871745, 0.000000, 56.323047
Adding box at: x=1  y=2  z=2
Center of solvent box is: 93.871745, 0.000000, 37.548698
Adding box at: x=1  y=2  z=3
Center of solvent box is: 93.871745, 0.000000, 18.774349
Adding box at: x=1  y=2  z=4
Center of solvent box is: 93.871745, 0.000000, 0.000000
Adding box at: x=1  y=2  z=5
Center of solvent box is: 93.871745, 0.000000, -18.774349
Adding box at: x=1  y=2  z=6
Center of solvent box is: 93.871745, 0.000000, -37.548698
Adding box at: x=1  y=2  z=7
Center of solvent box is: 93.871745, 0.000000, -56.323047
Adding box at: x=1  y=2  z=8
Center of solvent box is: 93.871745, 0.000000, -75.097396
Adding box at: x=1  y=3  z=0
Center of solvent box is: 93.871745, -18.774349, 75.097396
Adding box at: x=1  y=3  z=1
Center of solvent box is: 93.871745, -18.774349, 56.323047
Adding box at: x=1  y=3  z=2
Center of solvent box is: 93.871745, -18.774349, 37.548698
Adding box at: x=1  y=3  z=3
Center of solvent box is: 93.871745, -18.774349, 18.774349
Adding box at: x=1  y=3  z=4
Center of solvent box is: 93.871745, -18.774349, 0.000000
Adding box at: x=1  y=3  z=5
Center of solvent box is: 93.871745, -18.774349, -18.774349
Adding box at: x=1  y=3  z=6
Center of solvent box is: 93.871745, -18.774349, -37.548698
Adding box at: x=1  y=3  z=7
Center of solvent box is: 93.871745, -18.774349, -56.323047
Adding box at: x=1  y=3  z=8
Center of solvent box is: 93.871745, -18.774349, -75.097396
Adding box at: x=1  y=4  z=0
Center of solvent box is: 93.871745, -37.548698, 75.097396
Adding box at: x=1  y=4  z=1
Center of solvent box is: 93.871745, -37.548698, 56.323047
Adding box at: x=1  y=4  z=2
Center of solvent box is: 93.871745, -37.548698, 37.548698
Adding box at: x=1  y=4  z=3
Center of solvent box is: 93.871745, -37.548698, 18.774349
Adding box at: x=1  y=4  z=4
Center of solvent box is: 93.871745, -37.548698, 0.000000
Adding box at: x=1  y=4  z=5
Center of solvent box is: 93.871745, -37.548698, -18.774349
Adding box at: x=1  y=4  z=6
Center of solvent box is: 93.871745, -37.548698, -37.548698
Adding box at: x=1  y=4  z=7
Center of solvent box is: 93.871745, -37.548698, -56.323047
Adding box at: x=1  y=4  z=8
Center of solvent box is: 93.871745, -37.548698, -75.097396
Adding box at: x=2  y=0  z=0
Center of solvent box is: 75.097396, 37.548698, 75.097396
Adding box at: x=2  y=0  z=1
Center of solvent box is: 75.097396, 37.548698, 56.323047
Adding box at: x=2  y=0  z=2
Center of solvent box is: 75.097396, 37.548698, 37.548698
Adding box at: x=2  y=0  z=3
Center of solvent box is: 75.097396, 37.548698, 18.774349
Adding box at: x=2  y=0  z=4
Center of solvent box is: 75.097396, 37.548698, 0.000000
Adding box at: x=2  y=0  z=5
Center of solvent box is: 75.097396, 37.548698, -18.774349
Adding box at: x=2  y=0  z=6
Center of solvent box is: 75.097396, 37.548698, -37.548698
Adding box at: x=2  y=0  z=7
Center of solvent box is: 75.097396, 37.548698, -56.323047
Adding box at: x=2  y=0  z=8
Center of solvent box is: 75.097396, 37.548698, -75.097396
Adding box at: x=2  y=1  z=0
Center of solvent box is: 75.097396, 18.774349, 75.097396
Adding box at: x=2  y=1  z=1
Center of solvent box is: 75.097396, 18.774349, 56.323047
Adding box at: x=2  y=1  z=2
Center of solvent box is: 75.097396, 18.774349, 37.548698
Adding box at: x=2  y=1  z=3
Center of solvent box is: 75.097396, 18.774349, 18.774349
Adding box at: x=2  y=1  z=4
Center of solvent box is: 75.097396, 18.774349, 0.000000
Adding box at: x=2  y=1  z=5
Center of solvent box is: 75.097396, 18.774349, -18.774349
Adding box at: x=2  y=1  z=6
Center of solvent box is: 75.097396, 18.774349, -37.548698
Adding box at: x=2  y=1  z=7
Center of solvent box is: 75.097396, 18.774349, -56.323047
Adding box at: x=2  y=1  z=8
Center of solvent box is: 75.097396, 18.774349, -75.097396
Adding box at: x=2  y=2  z=0
Center of solvent box is: 75.097396, 0.000000, 75.097396
Adding box at: x=2  y=2  z=1
Center of solvent box is: 75.097396, 0.000000, 56.323047
Adding box at: x=2  y=2  z=2
Center of solvent box is: 75.097396, 0.000000, 37.548698
Adding box at: x=2  y=2  z=3
Center of solvent box is: 75.097396, 0.000000, 18.774349
Adding box at: x=2  y=2  z=4
Center of solvent box is: 75.097396, 0.000000, 0.000000
Adding box at: x=2  y=2  z=5
Center of solvent box is: 75.097396, 0.000000, -18.774349
Adding box at: x=2  y=2  z=6
Center of solvent box is: 75.097396, 0.000000, -37.548698
Adding box at: x=2  y=2  z=7
Center of solvent box is: 75.097396, 0.000000, -56.323047
Adding box at: x=2  y=2  z=8
Center of solvent box is: 75.097396, 0.000000, -75.097396
Adding box at: x=2  y=3  z=0
Center of solvent box is: 75.097396, -18.774349, 75.097396
Adding box at: x=2  y=3  z=1
Center of solvent box is: 75.097396, -18.774349, 56.323047
Adding box at: x=2  y=3  z=2
Center of solvent box is: 75.097396, -18.774349, 37.548698
Adding box at: x=2  y=3  z=3
Center of solvent box is: 75.097396, -18.774349, 18.774349
Adding box at: x=2  y=3  z=4
Center of solvent box is: 75.097396, -18.774349, 0.000000
Adding box at: x=2  y=3  z=5
Center of solvent box is: 75.097396, -18.774349, -18.774349
Adding box at: x=2  y=3  z=6
Center of solvent box is: 75.097396, -18.774349, -37.548698
Adding box at: x=2  y=3  z=7
Center of solvent box is: 75.097396, -18.774349, -56.323047
Adding box at: x=2  y=3  z=8
Center of solvent box is: 75.097396, -18.774349, -75.097396
Adding box at: x=2  y=4  z=0
Center of solvent box is: 75.097396, -37.548698, 75.097396
Adding box at: x=2  y=4  z=1
Center of solvent box is: 75.097396, -37.548698, 56.323047
Adding box at: x=2  y=4  z=2
Center of solvent box is: 75.097396, -37.548698, 37.548698
Adding box at: x=2  y=4  z=3
Center of solvent box is: 75.097396, -37.548698, 18.774349
Adding box at: x=2  y=4  z=4
Center of solvent box is: 75.097396, -37.548698, 0.000000
Adding box at: x=2  y=4  z=5
Center of solvent box is: 75.097396, -37.548698, -18.774349
Adding box at: x=2  y=4  z=6
Center of solvent box is: 75.097396, -37.548698, -37.548698
Adding box at: x=2  y=4  z=7
Center of solvent box is: 75.097396, -37.548698, -56.323047
Adding box at: x=2  y=4  z=8
Center of solvent box is: 75.097396, -37.548698, -75.097396
Adding box at: x=3  y=0  z=0
Center of solvent box is: 56.323047, 37.548698, 75.097396
Adding box at: x=3  y=0  z=1
Center of solvent box is: 56.323047, 37.548698, 56.323047
Adding box at: x=3  y=0  z=2
Center of solvent box is: 56.323047, 37.548698, 37.548698
Adding box at: x=3  y=0  z=3
Center of solvent box is: 56.323047, 37.548698, 18.774349
Adding box at: x=3  y=0  z=4
Center of solvent box is: 56.323047, 37.548698, 0.000000
Adding box at: x=3  y=0  z=5
Center of solvent box is: 56.323047, 37.548698, -18.774349
Adding box at: x=3  y=0  z=6
Center of solvent box is: 56.323047, 37.548698, -37.548698
Adding box at: x=3  y=0  z=7
Center of solvent box is: 56.323047, 37.548698, -56.323047
Adding box at: x=3  y=0  z=8
Center of solvent box is: 56.323047, 37.548698, -75.097396
Adding box at: x=3  y=1  z=0
Center of solvent box is: 56.323047, 18.774349, 75.097396
Adding box at: x=3  y=1  z=1
Center of solvent box is: 56.323047, 18.774349, 56.323047
Adding box at: x=3  y=1  z=2
Center of solvent box is: 56.323047, 18.774349, 37.548698
Adding box at: x=3  y=1  z=3
Center of solvent box is: 56.323047, 18.774349, 18.774349
Adding box at: x=3  y=1  z=4
Center of solvent box is: 56.323047, 18.774349, 0.000000
Adding box at: x=3  y=1  z=5
Center of solvent box is: 56.323047, 18.774349, -18.774349
Adding box at: x=3  y=1  z=6
Center of solvent box is: 56.323047, 18.774349, -37.548698
Adding box at: x=3  y=1  z=7
Center of solvent box is: 56.323047, 18.774349, -56.323047
Adding box at: x=3  y=1  z=8
Center of solvent box is: 56.323047, 18.774349, -75.097396
Adding box at: x=3  y=2  z=0
Center of solvent box is: 56.323047, 0.000000, 75.097396
Adding box at: x=3  y=2  z=1
Center of solvent box is: 56.323047, 0.000000, 56.323047
Adding box at: x=3  y=2  z=2
Center of solvent box is: 56.323047, 0.000000, 37.548698
Adding box at: x=3  y=2  z=3
Center of solvent box is: 56.323047, 0.000000, 18.774349
Adding box at: x=3  y=2  z=4
Center of solvent box is: 56.323047, 0.000000, 0.000000
Adding box at: x=3  y=2  z=5
Center of solvent box is: 56.323047, 0.000000, -18.774349
Adding box at: x=3  y=2  z=6
Center of solvent box is: 56.323047, 0.000000, -37.548698
Adding box at: x=3  y=2  z=7
Center of solvent box is: 56.323047, 0.000000, -56.323047
Adding box at: x=3  y=2  z=8
Center of solvent box is: 56.323047, 0.000000, -75.097396
Adding box at: x=3  y=3  z=0
Center of solvent box is: 56.323047, -18.774349, 75.097396
Adding box at: x=3  y=3  z=1
Center of solvent box is: 56.323047, -18.774349, 56.323047
Adding box at: x=3  y=3  z=2
Center of solvent box is: 56.323047, -18.774349, 37.548698
Adding box at: x=3  y=3  z=3
Center of solvent box is: 56.323047, -18.774349, 18.774349
Adding box at: x=3  y=3  z=4
Center of solvent box is: 56.323047, -18.774349, 0.000000
Adding box at: x=3  y=3  z=5
Center of solvent box is: 56.323047, -18.774349, -18.774349
Adding box at: x=3  y=3  z=6
Center of solvent box is: 56.323047, -18.774349, -37.548698
Adding box at: x=3  y=3  z=7
Center of solvent box is: 56.323047, -18.774349, -56.323047
Adding box at: x=3  y=3  z=8
Center of solvent box is: 56.323047, -18.774349, -75.097396
Adding box at: x=3  y=4  z=0
Center of solvent box is: 56.323047, -37.548698, 75.097396
Adding box at: x=3  y=4  z=1
Center of solvent box is: 56.323047, -37.548698, 56.323047
Adding box at: x=3  y=4  z=2
Center of solvent box is: 56.323047, -37.548698, 37.548698
Adding box at: x=3  y=4  z=3
Center of solvent box is: 56.323047, -37.548698, 18.774349
Adding box at: x=3  y=4  z=4
Center of solvent box is: 56.323047, -37.548698, 0.000000
Adding box at: x=3  y=4  z=5
Center of solvent box is: 56.323047, -37.548698, -18.774349
Adding box at: x=3  y=4  z=6
Center of solvent box is: 56.323047, -37.548698, -37.548698
Adding box at: x=3  y=4  z=7
Center of solvent box is: 56.323047, -37.548698, -56.323047
Adding box at: x=3  y=4  z=8
Center of solvent box is: 56.323047, -37.548698, -75.097396
Adding box at: x=4  y=0  z=0
Center of solvent box is: 37.548698, 37.548698, 75.097396
Adding box at: x=4  y=0  z=1
Center of solvent box is: 37.548698, 37.548698, 56.323047
Adding box at: x=4  y=0  z=2
Center of solvent box is: 37.548698, 37.548698, 37.548698
Adding box at: x=4  y=0  z=3
Center of solvent box is: 37.548698, 37.548698, 18.774349
Adding box at: x=4  y=0  z=4
Center of solvent box is: 37.548698, 37.548698, 0.000000
Adding box at: x=4  y=0  z=5
Center of solvent box is: 37.548698, 37.548698, -18.774349
Adding box at: x=4  y=0  z=6
Center of solvent box is: 37.548698, 37.548698, -37.548698
Adding box at: x=4  y=0  z=7
Center of solvent box is: 37.548698, 37.548698, -56.323047
Adding box at: x=4  y=0  z=8
Center of solvent box is: 37.548698, 37.548698, -75.097396
Adding box at: x=4  y=1  z=0
Center of solvent box is: 37.548698, 18.774349, 75.097396
Adding box at: x=4  y=1  z=1
Center of solvent box is: 37.548698, 18.774349, 56.323047
Adding box at: x=4  y=1  z=2
Center of solvent box is: 37.548698, 18.774349, 37.548698
Adding box at: x=4  y=1  z=3
Center of solvent box is: 37.548698, 18.774349, 18.774349
Adding box at: x=4  y=1  z=4
Center of solvent box is: 37.548698, 18.774349, 0.000000
Adding box at: x=4  y=1  z=5
Center of solvent box is: 37.548698, 18.774349, -18.774349
Adding box at: x=4  y=1  z=6
Center of solvent box is: 37.548698, 18.774349, -37.548698
Adding box at: x=4  y=1  z=7
Center of solvent box is: 37.548698, 18.774349, -56.323047
Adding box at: x=4  y=1  z=8
Center of solvent box is: 37.548698, 18.774349, -75.097396
Adding box at: x=4  y=2  z=0
Center of solvent box is: 37.548698, 0.000000, 75.097396
Adding box at: x=4  y=2  z=1
Center of solvent box is: 37.548698, 0.000000, 56.323047
Adding box at: x=4  y=2  z=2
Center of solvent box is: 37.548698, 0.000000, 37.548698
Adding box at: x=4  y=2  z=3
Center of solvent box is: 37.548698, 0.000000, 18.774349
Adding box at: x=4  y=2  z=4
Center of solvent box is: 37.548698, 0.000000, 0.000000
Adding box at: x=4  y=2  z=5
Center of solvent box is: 37.548698, 0.000000, -18.774349
Adding box at: x=4  y=2  z=6
Center of solvent box is: 37.548698, 0.000000, -37.548698
Adding box at: x=4  y=2  z=7
Center of solvent box is: 37.548698, 0.000000, -56.323047
Adding box at: x=4  y=2  z=8
Center of solvent box is: 37.548698, 0.000000, -75.097396
Adding box at: x=4  y=3  z=0
Center of solvent box is: 37.548698, -18.774349, 75.097396
Adding box at: x=4  y=3  z=1
Center of solvent box is: 37.548698, -18.774349, 56.323047
Adding box at: x=4  y=3  z=2
Center of solvent box is: 37.548698, -18.774349, 37.548698
Adding box at: x=4  y=3  z=3
Center of solvent box is: 37.548698, -18.774349, 18.774349
Adding box at: x=4  y=3  z=4
Center of solvent box is: 37.548698, -18.774349, 0.000000
Adding box at: x=4  y=3  z=5
Center of solvent box is: 37.548698, -18.774349, -18.774349
Adding box at: x=4  y=3  z=6
Center of solvent box is: 37.548698, -18.774349, -37.548698
Adding box at: x=4  y=3  z=7
Center of solvent box is: 37.548698, -18.774349, -56.323047
Adding box at: x=4  y=3  z=8
Center of solvent box is: 37.548698, -18.774349, -75.097396
Adding box at: x=4  y=4  z=0
Center of solvent box is: 37.548698, -37.548698, 75.097396
Adding box at: x=4  y=4  z=1
Center of solvent box is: 37.548698, -37.548698, 56.323047
Adding box at: x=4  y=4  z=2
Center of solvent box is: 37.548698, -37.548698, 37.548698
Adding box at: x=4  y=4  z=3
Center of solvent box is: 37.548698, -37.548698, 18.774349
Adding box at: x=4  y=4  z=4
Center of solvent box is: 37.548698, -37.548698, 0.000000
Adding box at: x=4  y=4  z=5
Center of solvent box is: 37.548698, -37.548698, -18.774349
Adding box at: x=4  y=4  z=6
Center of solvent box is: 37.548698, -37.548698, -37.548698
Adding box at: x=4  y=4  z=7
Center of solvent box is: 37.548698, -37.548698, -56.323047
Adding box at: x=4  y=4  z=8
Center of solvent box is: 37.548698, -37.548698, -75.097396
Adding box at: x=5  y=0  z=0
Center of solvent box is: 18.774349, 37.548698, 75.097396
Adding box at: x=5  y=0  z=1
Center of solvent box is: 18.774349, 37.548698, 56.323047
Adding box at: x=5  y=0  z=2
Center of solvent box is: 18.774349, 37.548698, 37.548698
Adding box at: x=5  y=0  z=3
Center of solvent box is: 18.774349, 37.548698, 18.774349
Adding box at: x=5  y=0  z=4
Center of solvent box is: 18.774349, 37.548698, 0.000000
Adding box at: x=5  y=0  z=5
Center of solvent box is: 18.774349, 37.548698, -18.774349
Adding box at: x=5  y=0  z=6
Center of solvent box is: 18.774349, 37.548698, -37.548698
Adding box at: x=5  y=0  z=7
Center of solvent box is: 18.774349, 37.548698, -56.323047
Adding box at: x=5  y=0  z=8
Center of solvent box is: 18.774349, 37.548698, -75.097396
Adding box at: x=5  y=1  z=0
Center of solvent box is: 18.774349, 18.774349, 75.097396
Adding box at: x=5  y=1  z=1
Center of solvent box is: 18.774349, 18.774349, 56.323047
Adding box at: x=5  y=1  z=2
Center of solvent box is: 18.774349, 18.774349, 37.548698
Adding box at: x=5  y=1  z=3
Center of solvent box is: 18.774349, 18.774349, 18.774349
Adding box at: x=5  y=1  z=4
Center of solvent box is: 18.774349, 18.774349, 0.000000
Adding box at: x=5  y=1  z=5
Center of solvent box is: 18.774349, 18.774349, -18.774349
Adding box at: x=5  y=1  z=6
Center of solvent box is: 18.774349, 18.774349, -37.548698
Adding box at: x=5  y=1  z=7
Center of solvent box is: 18.774349, 18.774349, -56.323047
Adding box at: x=5  y=1  z=8
Center of solvent box is: 18.774349, 18.774349, -75.097396
Adding box at: x=5  y=2  z=0
Center of solvent box is: 18.774349, 0.000000, 75.097396
Adding box at: x=5  y=2  z=1
Center of solvent box is: 18.774349, 0.000000, 56.323047
Adding box at: x=5  y=2  z=2
Center of solvent box is: 18.774349, 0.000000, 37.548698
Adding box at: x=5  y=2  z=3
Center of solvent box is: 18.774349, 0.000000, 18.774349
Adding box at: x=5  y=2  z=4
Center of solvent box is: 18.774349, 0.000000, 0.000000
Adding box at: x=5  y=2  z=5
Center of solvent box is: 18.774349, 0.000000, -18.774349
Adding box at: x=5  y=2  z=6
Center of solvent box is: 18.774349, 0.000000, -37.548698
Adding box at: x=5  y=2  z=7
Center of solvent box is: 18.774349, 0.000000, -56.323047
Adding box at: x=5  y=2  z=8
Center of solvent box is: 18.774349, 0.000000, -75.097396
Adding box at: x=5  y=3  z=0
Center of solvent box is: 18.774349, -18.774349, 75.097396
Adding box at: x=5  y=3  z=1
Center of solvent box is: 18.774349, -18.774349, 56.323047
Adding box at: x=5  y=3  z=2
Center of solvent box is: 18.774349, -18.774349, 37.548698
Adding box at: x=5  y=3  z=3
Center of solvent box is: 18.774349, -18.774349, 18.774349
Adding box at: x=5  y=3  z=4
Center of solvent box is: 18.774349, -18.774349, 0.000000
Adding box at: x=5  y=3  z=5
Center of solvent box is: 18.774349, -18.774349, -18.774349
Adding box at: x=5  y=3  z=6
Center of solvent box is: 18.774349, -18.774349, -37.548698
Adding box at: x=5  y=3  z=7
Center of solvent box is: 18.774349, -18.774349, -56.323047
Adding box at: x=5  y=3  z=8
Center of solvent box is: 18.774349, -18.774349, -75.097396
Adding box at: x=5  y=4  z=0
Center of solvent box is: 18.774349, -37.548698, 75.097396
Adding box at: x=5  y=4  z=1
Center of solvent box is: 18.774349, -37.548698, 56.323047
Adding box at: x=5  y=4  z=2
Center of solvent box is: 18.774349, -37.548698, 37.548698
Adding box at: x=5  y=4  z=3
Center of solvent box is: 18.774349, -37.548698, 18.774349
Adding box at: x=5  y=4  z=4
Center of solvent box is: 18.774349, -37.548698, 0.000000
Adding box at: x=5  y=4  z=5
Center of solvent box is: 18.774349, -37.548698, -18.774349
Adding box at: x=5  y=4  z=6
Center of solvent box is: 18.774349, -37.548698, -37.548698
Adding box at: x=5  y=4  z=7
Center of solvent box is: 18.774349, -37.548698, -56.323047
Adding box at: x=5  y=4  z=8
Center of solvent box is: 18.774349, -37.548698, -75.097396
Adding box at: x=6  y=0  z=0
Center of solvent box is: 0.000000, 37.548698, 75.097396
Adding box at: x=6  y=0  z=1
Center of solvent box is: 0.000000, 37.548698, 56.323047
Adding box at: x=6  y=0  z=2
Center of solvent box is: 0.000000, 37.548698, 37.548698
Adding box at: x=6  y=0  z=3
Center of solvent box is: 0.000000, 37.548698, 18.774349
Adding box at: x=6  y=0  z=4
Center of solvent box is: 0.000000, 37.548698, 0.000000
Adding box at: x=6  y=0  z=5
Center of solvent box is: 0.000000, 37.548698, -18.774349
Adding box at: x=6  y=0  z=6
Center of solvent box is: 0.000000, 37.548698, -37.548698
Adding box at: x=6  y=0  z=7
Center of solvent box is: 0.000000, 37.548698, -56.323047
Adding box at: x=6  y=0  z=8
Center of solvent box is: 0.000000, 37.548698, -75.097396
Adding box at: x=6  y=1  z=0
Center of solvent box is: 0.000000, 18.774349, 75.097396
Adding box at: x=6  y=1  z=1
Center of solvent box is: 0.000000, 18.774349, 56.323047
Adding box at: x=6  y=1  z=2
Center of solvent box is: 0.000000, 18.774349, 37.548698
Adding box at: x=6  y=1  z=3
Center of solvent box is: 0.000000, 18.774349, 18.774349
Adding box at: x=6  y=1  z=4
Center of solvent box is: 0.000000, 18.774349, 0.000000
Adding box at: x=6  y=1  z=5
Center of solvent box is: 0.000000, 18.774349, -18.774349
Adding box at: x=6  y=1  z=6
Center of solvent box is: 0.000000, 18.774349, -37.548698
Adding box at: x=6  y=1  z=7
Center of solvent box is: 0.000000, 18.774349, -56.323047
Adding box at: x=6  y=1  z=8
Center of solvent box is: 0.000000, 18.774349, -75.097396
Adding box at: x=6  y=2  z=0
Center of solvent box is: 0.000000, 0.000000, 75.097396
Adding box at: x=6  y=2  z=1
Center of solvent box is: 0.000000, 0.000000, 56.323047
Adding box at: x=6  y=2  z=2
Center of solvent box is: 0.000000, 0.000000, 37.548698
Adding box at: x=6  y=2  z=3
Center of solvent box is: 0.000000, 0.000000, 18.774349
Adding box at: x=6  y=2  z=4
Center of solvent box is: 0.000000, 0.000000, 0.000000
Adding box at: x=6  y=2  z=5
Center of solvent box is: 0.000000, 0.000000, -18.774349
Adding box at: x=6  y=2  z=6
Center of solvent box is: 0.000000, 0.000000, -37.548698
Adding box at: x=6  y=2  z=7
Center of solvent box is: 0.000000, 0.000000, -56.323047
Adding box at: x=6  y=2  z=8
Center of solvent box is: 0.000000, 0.000000, -75.097396
Adding box at: x=6  y=3  z=0
Center of solvent box is: 0.000000, -18.774349, 75.097396
Adding box at: x=6  y=3  z=1
Center of solvent box is: 0.000000, -18.774349, 56.323047
Adding box at: x=6  y=3  z=2
Center of solvent box is: 0.000000, -18.774349, 37.548698
Adding box at: x=6  y=3  z=3
Center of solvent box is: 0.000000, -18.774349, 18.774349
Adding box at: x=6  y=3  z=4
Center of solvent box is: 0.000000, -18.774349, 0.000000
Adding box at: x=6  y=3  z=5
Center of solvent box is: 0.000000, -18.774349, -18.774349
Adding box at: x=6  y=3  z=6
Center of solvent box is: 0.000000, -18.774349, -37.548698
Adding box at: x=6  y=3  z=7
Center of solvent box is: 0.000000, -18.774349, -56.323047
Adding box at: x=6  y=3  z=8
Center of solvent box is: 0.000000, -18.774349, -75.097396
Adding box at: x=6  y=4  z=0
Center of solvent box is: 0.000000, -37.548698, 75.097396
Adding box at: x=6  y=4  z=1
Center of solvent box is: 0.000000, -37.548698, 56.323047
Adding box at: x=6  y=4  z=2
Center of solvent box is: 0.000000, -37.548698, 37.548698
Adding box at: x=6  y=4  z=3
Center of solvent box is: 0.000000, -37.548698, 18.774349
Adding box at: x=6  y=4  z=4
Center of solvent box is: 0.000000, -37.548698, 0.000000
Adding box at: x=6  y=4  z=5
Center of solvent box is: 0.000000, -37.548698, -18.774349
Adding box at: x=6  y=4  z=6
Center of solvent box is: 0.000000, -37.548698, -37.548698
Adding box at: x=6  y=4  z=7
Center of solvent box is: 0.000000, -37.548698, -56.323047
Adding box at: x=6  y=4  z=8
Center of solvent box is: 0.000000, -37.548698, -75.097396
Adding box at: x=7  y=0  z=0
Center of solvent box is: -18.774349, 37.548698, 75.097396
Adding box at: x=7  y=0  z=1
Center of solvent box is: -18.774349, 37.548698, 56.323047
Adding box at: x=7  y=0  z=2
Center of solvent box is: -18.774349, 37.548698, 37.548698
Adding box at: x=7  y=0  z=3
Center of solvent box is: -18.774349, 37.548698, 18.774349
Adding box at: x=7  y=0  z=4
Center of solvent box is: -18.774349, 37.548698, 0.000000
Adding box at: x=7  y=0  z=5
Center of solvent box is: -18.774349, 37.548698, -18.774349
Adding box at: x=7  y=0  z=6
Center of solvent box is: -18.774349, 37.548698, -37.548698
Adding box at: x=7  y=0  z=7
Center of solvent box is: -18.774349, 37.548698, -56.323047
Adding box at: x=7  y=0  z=8
Center of solvent box is: -18.774349, 37.548698, -75.097396
Adding box at: x=7  y=1  z=0
Center of solvent box is: -18.774349, 18.774349, 75.097396
Adding box at: x=7  y=1  z=1
Center of solvent box is: -18.774349, 18.774349, 56.323047
Adding box at: x=7  y=1  z=2
Center of solvent box is: -18.774349, 18.774349, 37.548698
Adding box at: x=7  y=1  z=3
Center of solvent box is: -18.774349, 18.774349, 18.774349
Adding box at: x=7  y=1  z=4
Center of solvent box is: -18.774349, 18.774349, 0.000000
Adding box at: x=7  y=1  z=5
Center of solvent box is: -18.774349, 18.774349, -18.774349
Adding box at: x=7  y=1  z=6
Center of solvent box is: -18.774349, 18.774349, -37.548698
Adding box at: x=7  y=1  z=7
Center of solvent box is: -18.774349, 18.774349, -56.323047
Adding box at: x=7  y=1  z=8
Center of solvent box is: -18.774349, 18.774349, -75.097396
Adding box at: x=7  y=2  z=0
Center of solvent box is: -18.774349, 0.000000, 75.097396
Adding box at: x=7  y=2  z=1
Center of solvent box is: -18.774349, 0.000000, 56.323047
Adding box at: x=7  y=2  z=2
Center of solvent box is: -18.774349, 0.000000, 37.548698
Adding box at: x=7  y=2  z=3
Center of solvent box is: -18.774349, 0.000000, 18.774349
Adding box at: x=7  y=2  z=4
Center of solvent box is: -18.774349, 0.000000, 0.000000
Adding box at: x=7  y=2  z=5
Center of solvent box is: -18.774349, 0.000000, -18.774349
Adding box at: x=7  y=2  z=6
Center of solvent box is: -18.774349, 0.000000, -37.548698
Adding box at: x=7  y=2  z=7
Center of solvent box is: -18.774349, 0.000000, -56.323047
Adding box at: x=7  y=2  z=8
Center of solvent box is: -18.774349, 0.000000, -75.097396
Adding box at: x=7  y=3  z=0
Center of solvent box is: -18.774349, -18.774349, 75.097396
Adding box at: x=7  y=3  z=1
Center of solvent box is: -18.774349, -18.774349, 56.323047
Adding box at: x=7  y=3  z=2
Center of solvent box is: -18.774349, -18.774349, 37.548698
Adding box at: x=7  y=3  z=3
Center of solvent box is: -18.774349, -18.774349, 18.774349
Adding box at: x=7  y=3  z=4
Center of solvent box is: -18.774349, -18.774349, 0.000000
Adding box at: x=7  y=3  z=5
Center of solvent box is: -18.774349, -18.774349, -18.774349
Adding box at: x=7  y=3  z=6
Center of solvent box is: -18.774349, -18.774349, -37.548698
Adding box at: x=7  y=3  z=7
Center of solvent box is: -18.774349, -18.774349, -56.323047
Adding box at: x=7  y=3  z=8
Center of solvent box is: -18.774349, -18.774349, -75.097396
Adding box at: x=7  y=4  z=0
Center of solvent box is: -18.774349, -37.548698, 75.097396
Adding box at: x=7  y=4  z=1
Center of solvent box is: -18.774349, -37.548698, 56.323047
Adding box at: x=7  y=4  z=2
Center of solvent box is: -18.774349, -37.548698, 37.548698
Adding box at: x=7  y=4  z=3
Center of solvent box is: -18.774349, -37.548698, 18.774349
Adding box at: x=7  y=4  z=4
Center of solvent box is: -18.774349, -37.548698, 0.000000
Adding box at: x=7  y=4  z=5
Center of solvent box is: -18.774349, -37.548698, -18.774349
Adding box at: x=7  y=4  z=6
Center of solvent box is: -18.774349, -37.548698, -37.548698
Adding box at: x=7  y=4  z=7
Center of solvent box is: -18.774349, -37.548698, -56.323047
Adding box at: x=7  y=4  z=8
Center of solvent box is: -18.774349, -37.548698, -75.097396
Adding box at: x=8  y=0  z=0
Center of solvent box is: -37.548698, 37.548698, 75.097396
Adding box at: x=8  y=0  z=1
Center of solvent box is: -37.548698, 37.548698, 56.323047
Adding box at: x=8  y=0  z=2
Center of solvent box is: -37.548698, 37.548698, 37.548698
Adding box at: x=8  y=0  z=3
Center of solvent box is: -37.548698, 37.548698, 18.774349
Adding box at: x=8  y=0  z=4
Center of solvent box is: -37.548698, 37.548698, 0.000000
Adding box at: x=8  y=0  z=5
Center of solvent box is: -37.548698, 37.548698, -18.774349
Adding box at: x=8  y=0  z=6
Center of solvent box is: -37.548698, 37.548698, -37.548698
Adding box at: x=8  y=0  z=7
Center of solvent box is: -37.548698, 37.548698, -56.323047
Adding box at: x=8  y=0  z=8
Center of solvent box is: -37.548698, 37.548698, -75.097396
Adding box at: x=8  y=1  z=0
Center of solvent box is: -37.548698, 18.774349, 75.097396
Adding box at: x=8  y=1  z=1
Center of solvent box is: -37.548698, 18.774349, 56.323047
Adding box at: x=8  y=1  z=2
Center of solvent box is: -37.548698, 18.774349, 37.548698
Adding box at: x=8  y=1  z=3
Center of solvent box is: -37.548698, 18.774349, 18.774349
Adding box at: x=8  y=1  z=4
Center of solvent box is: -37.548698, 18.774349, 0.000000
Adding box at: x=8  y=1  z=5
Center of solvent box is: -37.548698, 18.774349, -18.774349
Adding box at: x=8  y=1  z=6
Center of solvent box is: -37.548698, 18.774349, -37.548698
Adding box at: x=8  y=1  z=7
Center of solvent box is: -37.548698, 18.774349, -56.323047
Adding box at: x=8  y=1  z=8
Center of solvent box is: -37.548698, 18.774349, -75.097396
Adding box at: x=8  y=2  z=0
Center of solvent box is: -37.548698, 0.000000, 75.097396
Adding box at: x=8  y=2  z=1
Center of solvent box is: -37.548698, 0.000000, 56.323047
Adding box at: x=8  y=2  z=2
Center of solvent box is: -37.548698, 0.000000, 37.548698
Adding box at: x=8  y=2  z=3
Center of solvent box is: -37.548698, 0.000000, 18.774349
Adding box at: x=8  y=2  z=4
Center of solvent box is: -37.548698, 0.000000, 0.000000
Adding box at: x=8  y=2  z=5
Center of solvent box is: -37.548698, 0.000000, -18.774349
Adding box at: x=8  y=2  z=6
Center of solvent box is: -37.548698, 0.000000, -37.548698
Adding box at: x=8  y=2  z=7
Center of solvent box is: -37.548698, 0.000000, -56.323047
Adding box at: x=8  y=2  z=8
Center of solvent box is: -37.548698, 0.000000, -75.097396
Adding box at: x=8  y=3  z=0
Center of solvent box is: -37.548698, -18.774349, 75.097396
Adding box at: x=8  y=3  z=1
Center of solvent box is: -37.548698, -18.774349, 56.323047
Adding box at: x=8  y=3  z=2
Center of solvent box is: -37.548698, -18.774349, 37.548698
Adding box at: x=8  y=3  z=3
Center of solvent box is: -37.548698, -18.774349, 18.774349
Adding box at: x=8  y=3  z=4
Center of solvent box is: -37.548698, -18.774349, 0.000000
Adding box at: x=8  y=3  z=5
Center of solvent box is: -37.548698, -18.774349, -18.774349
Adding box at: x=8  y=3  z=6
Center of solvent box is: -37.548698, -18.774349, -37.548698
Adding box at: x=8  y=3  z=7
Center of solvent box is: -37.548698, -18.774349, -56.323047
Adding box at: x=8  y=3  z=8
Center of solvent box is: -37.548698, -18.774349, -75.097396
Adding box at: x=8  y=4  z=0
Center of solvent box is: -37.548698, -37.548698, 75.097396
Adding box at: x=8  y=4  z=1
Center of solvent box is: -37.548698, -37.548698, 56.323047
Adding box at: x=8  y=4  z=2
Center of solvent box is: -37.548698, -37.548698, 37.548698
Adding box at: x=8  y=4  z=3
Center of solvent box is: -37.548698, -37.548698, 18.774349
Adding box at: x=8  y=4  z=4
Center of solvent box is: -37.548698, -37.548698, 0.000000
Adding box at: x=8  y=4  z=5
Center of solvent box is: -37.548698, -37.548698, -18.774349
Adding box at: x=8  y=4  z=6
Center of solvent box is: -37.548698, -37.548698, -37.548698
Adding box at: x=8  y=4  z=7
Center of solvent box is: -37.548698, -37.548698, -56.323047
Adding box at: x=8  y=4  z=8
Center of solvent box is: -37.548698, -37.548698, -75.097396
Adding box at: x=9  y=0  z=0
Center of solvent box is: -56.323047, 37.548698, 75.097396
Adding box at: x=9  y=0  z=1
Center of solvent box is: -56.323047, 37.548698, 56.323047
Adding box at: x=9  y=0  z=2
Center of solvent box is: -56.323047, 37.548698, 37.548698
Adding box at: x=9  y=0  z=3
Center of solvent box is: -56.323047, 37.548698, 18.774349
Adding box at: x=9  y=0  z=4
Center of solvent box is: -56.323047, 37.548698, 0.000000
Adding box at: x=9  y=0  z=5
Center of solvent box is: -56.323047, 37.548698, -18.774349
Adding box at: x=9  y=0  z=6
Center of solvent box is: -56.323047, 37.548698, -37.548698
Adding box at: x=9  y=0  z=7
Center of solvent box is: -56.323047, 37.548698, -56.323047
Adding box at: x=9  y=0  z=8
Center of solvent box is: -56.323047, 37.548698, -75.097396
Adding box at: x=9  y=1  z=0
Center of solvent box is: -56.323047, 18.774349, 75.097396
Adding box at: x=9  y=1  z=1
Center of solvent box is: -56.323047, 18.774349, 56.323047
Adding box at: x=9  y=1  z=2
Center of solvent box is: -56.323047, 18.774349, 37.548698
Adding box at: x=9  y=1  z=3
Center of solvent box is: -56.323047, 18.774349, 18.774349
Adding box at: x=9  y=1  z=4
Center of solvent box is: -56.323047, 18.774349, 0.000000
Adding box at: x=9  y=1  z=5
Center of solvent box is: -56.323047, 18.774349, -18.774349
Adding box at: x=9  y=1  z=6
Center of solvent box is: -56.323047, 18.774349, -37.548698
Adding box at: x=9  y=1  z=7
Center of solvent box is: -56.323047, 18.774349, -56.323047
Adding box at: x=9  y=1  z=8
Center of solvent box is: -56.323047, 18.774349, -75.097396
Adding box at: x=9  y=2  z=0
Center of solvent box is: -56.323047, 0.000000, 75.097396
Adding box at: x=9  y=2  z=1
Center of solvent box is: -56.323047, 0.000000, 56.323047
Adding box at: x=9  y=2  z=2
Center of solvent box is: -56.323047, 0.000000, 37.548698
Adding box at: x=9  y=2  z=3
Center of solvent box is: -56.323047, 0.000000, 18.774349
Adding box at: x=9  y=2  z=4
Center of solvent box is: -56.323047, 0.000000, 0.000000
Adding box at: x=9  y=2  z=5
Center of solvent box is: -56.323047, 0.000000, -18.774349
Adding box at: x=9  y=2  z=6
Center of solvent box is: -56.323047, 0.000000, -37.548698
Adding box at: x=9  y=2  z=7
Center of solvent box is: -56.323047, 0.000000, -56.323047
Adding box at: x=9  y=2  z=8
Center of solvent box is: -56.323047, 0.000000, -75.097396
Adding box at: x=9  y=3  z=0
Center of solvent box is: -56.323047, -18.774349, 75.097396
Adding box at: x=9  y=3  z=1
Center of solvent box is: -56.323047, -18.774349, 56.323047
Adding box at: x=9  y=3  z=2
Center of solvent box is: -56.323047, -18.774349, 37.548698
Adding box at: x=9  y=3  z=3
Center of solvent box is: -56.323047, -18.774349, 18.774349
Adding box at: x=9  y=3  z=4
Center of solvent box is: -56.323047, -18.774349, 0.000000
Adding box at: x=9  y=3  z=5
Center of solvent box is: -56.323047, -18.774349, -18.774349
Adding box at: x=9  y=3  z=6
Center of solvent box is: -56.323047, -18.774349, -37.548698
Adding box at: x=9  y=3  z=7
Center of solvent box is: -56.323047, -18.774349, -56.323047
Adding box at: x=9  y=3  z=8
Center of solvent box is: -56.323047, -18.774349, -75.097396
Adding box at: x=9  y=4  z=0
Center of solvent box is: -56.323047, -37.548698, 75.097396
Adding box at: x=9  y=4  z=1
Center of solvent box is: -56.323047, -37.548698, 56.323047
Adding box at: x=9  y=4  z=2
Center of solvent box is: -56.323047, -37.548698, 37.548698
Adding box at: x=9  y=4  z=3
Center of solvent box is: -56.323047, -37.548698, 18.774349
Adding box at: x=9  y=4  z=4
Center of solvent box is: -56.323047, -37.548698, 0.000000
Adding box at: x=9  y=4  z=5
Center of solvent box is: -56.323047, -37.548698, -18.774349
Adding box at: x=9  y=4  z=6
Center of solvent box is: -56.323047, -37.548698, -37.548698
Adding box at: x=9  y=4  z=7
Center of solvent box is: -56.323047, -37.548698, -56.323047
Adding box at: x=9  y=4  z=8
Center of solvent box is: -56.323047, -37.548698, -75.097396
Adding box at: x=10  y=0  z=0
Center of solvent box is: -75.097396, 37.548698, 75.097396
Adding box at: x=10  y=0  z=1
Center of solvent box is: -75.097396, 37.548698, 56.323047
Adding box at: x=10  y=0  z=2
Center of solvent box is: -75.097396, 37.548698, 37.548698
Adding box at: x=10  y=0  z=3
Center of solvent box is: -75.097396, 37.548698, 18.774349
Adding box at: x=10  y=0  z=4
Center of solvent box is: -75.097396, 37.548698, 0.000000
Adding box at: x=10  y=0  z=5
Center of solvent box is: -75.097396, 37.548698, -18.774349
Adding box at: x=10  y=0  z=6
Center of solvent box is: -75.097396, 37.548698, -37.548698
Adding box at: x=10  y=0  z=7
Center of solvent box is: -75.097396, 37.548698, -56.323047
Adding box at: x=10  y=0  z=8
Center of solvent box is: -75.097396, 37.548698, -75.097396
Adding box at: x=10  y=1  z=0
Center of solvent box is: -75.097396, 18.774349, 75.097396
Adding box at: x=10  y=1  z=1
Center of solvent box is: -75.097396, 18.774349, 56.323047
Adding box at: x=10  y=1  z=2
Center of solvent box is: -75.097396, 18.774349, 37.548698
Adding box at: x=10  y=1  z=3
Center of solvent box is: -75.097396, 18.774349, 18.774349
Adding box at: x=10  y=1  z=4
Center of solvent box is: -75.097396, 18.774349, 0.000000
Adding box at: x=10  y=1  z=5
Center of solvent box is: -75.097396, 18.774349, -18.774349
Adding box at: x=10  y=1  z=6
Center of solvent box is: -75.097396, 18.774349, -37.548698
Adding box at: x=10  y=1  z=7
Center of solvent box is: -75.097396, 18.774349, -56.323047
Adding box at: x=10  y=1  z=8
Center of solvent box is: -75.097396, 18.774349, -75.097396
Adding box at: x=10  y=2  z=0
Center of solvent box is: -75.097396, 0.000000, 75.097396
Adding box at: x=10  y=2  z=1
Center of solvent box is: -75.097396, 0.000000, 56.323047
Adding box at: x=10  y=2  z=2
Center of solvent box is: -75.097396, 0.000000, 37.548698
Adding box at: x=10  y=2  z=3
Center of solvent box is: -75.097396, 0.000000, 18.774349
Adding box at: x=10  y=2  z=4
Center of solvent box is: -75.097396, 0.000000, 0.000000
Adding box at: x=10  y=2  z=5
Center of solvent box is: -75.097396, 0.000000, -18.774349
Adding box at: x=10  y=2  z=6
Center of solvent box is: -75.097396, 0.000000, -37.548698
Adding box at: x=10  y=2  z=7
Center of solvent box is: -75.097396, 0.000000, -56.323047
Adding box at: x=10  y=2  z=8
Center of solvent box is: -75.097396, 0.000000, -75.097396
Adding box at: x=10  y=3  z=0
Center of solvent box is: -75.097396, -18.774349, 75.097396
Adding box at: x=10  y=3  z=1
Center of solvent box is: -75.097396, -18.774349, 56.323047
Adding box at: x=10  y=3  z=2
Center of solvent box is: -75.097396, -18.774349, 37.548698
Adding box at: x=10  y=3  z=3
Center of solvent box is: -75.097396, -18.774349, 18.774349
Adding box at: x=10  y=3  z=4
Center of solvent box is: -75.097396, -18.774349, 0.000000
Adding box at: x=10  y=3  z=5
Center of solvent box is: -75.097396, -18.774349, -18.774349
Adding box at: x=10  y=3  z=6
Center of solvent box is: -75.097396, -18.774349, -37.548698
Adding box at: x=10  y=3  z=7
Center of solvent box is: -75.097396, -18.774349, -56.323047
Adding box at: x=10  y=3  z=8
Center of solvent box is: -75.097396, -18.774349, -75.097396
Adding box at: x=10  y=4  z=0
Center of solvent box is: -75.097396, -37.548698, 75.097396
Adding box at: x=10  y=4  z=1
Center of solvent box is: -75.097396, -37.548698, 56.323047
Adding box at: x=10  y=4  z=2
Center of solvent box is: -75.097396, -37.548698, 37.548698
Adding box at: x=10  y=4  z=3
Center of solvent box is: -75.097396, -37.548698, 18.774349
Adding box at: x=10  y=4  z=4
Center of solvent box is: -75.097396, -37.548698, 0.000000
Adding box at: x=10  y=4  z=5
Center of solvent box is: -75.097396, -37.548698, -18.774349
Adding box at: x=10  y=4  z=6
Center of solvent box is: -75.097396, -37.548698, -37.548698
Adding box at: x=10  y=4  z=7
Center of solvent box is: -75.097396, -37.548698, -56.323047
Adding box at: x=10  y=4  z=8
Center of solvent box is: -75.097396, -37.548698, -75.097396
Adding box at: x=11  y=0  z=0
Center of solvent box is: -93.871745, 37.548698, 75.097396
Adding box at: x=11  y=0  z=1
Center of solvent box is: -93.871745, 37.548698, 56.323047
Adding box at: x=11  y=0  z=2
Center of solvent box is: -93.871745, 37.548698, 37.548698
Adding box at: x=11  y=0  z=3
Center of solvent box is: -93.871745, 37.548698, 18.774349
Adding box at: x=11  y=0  z=4
Center of solvent box is: -93.871745, 37.548698, 0.000000
Adding box at: x=11  y=0  z=5
Center of solvent box is: -93.871745, 37.548698, -18.774349
Adding box at: x=11  y=0  z=6
Center of solvent box is: -93.871745, 37.548698, -37.548698
Adding box at: x=11  y=0  z=7
Center of solvent box is: -93.871745, 37.548698, -56.323047
Adding box at: x=11  y=0  z=8
Center of solvent box is: -93.871745, 37.548698, -75.097396
Adding box at: x=11  y=1  z=0
Center of solvent box is: -93.871745, 18.774349, 75.097396
Adding box at: x=11  y=1  z=1
Center of solvent box is: -93.871745, 18.774349, 56.323047
Adding box at: x=11  y=1  z=2
Center of solvent box is: -93.871745, 18.774349, 37.548698
Adding box at: x=11  y=1  z=3
Center of solvent box is: -93.871745, 18.774349, 18.774349
Adding box at: x=11  y=1  z=4
Center of solvent box is: -93.871745, 18.774349, 0.000000
Adding box at: x=11  y=1  z=5
Center of solvent box is: -93.871745, 18.774349, -18.774349
Adding box at: x=11  y=1  z=6
Center of solvent box is: -93.871745, 18.774349, -37.548698
Adding box at: x=11  y=1  z=7
Center of solvent box is: -93.871745, 18.774349, -56.323047
Adding box at: x=11  y=1  z=8
Center of solvent box is: -93.871745, 18.774349, -75.097396
Adding box at: x=11  y=2  z=0
Center of solvent box is: -93.871745, 0.000000, 75.097396
Adding box at: x=11  y=2  z=1
Center of solvent box is: -93.871745, 0.000000, 56.323047
Adding box at: x=11  y=2  z=2
Center of solvent box is: -93.871745, 0.000000, 37.548698
Adding box at: x=11  y=2  z=3
Center of solvent box is: -93.871745, 0.000000, 18.774349
Adding box at: x=11  y=2  z=4
Center of solvent box is: -93.871745, 0.000000, 0.000000
Adding box at: x=11  y=2  z=5
Center of solvent box is: -93.871745, 0.000000, -18.774349
Adding box at: x=11  y=2  z=6
Center of solvent box is: -93.871745, 0.000000, -37.548698
Adding box at: x=11  y=2  z=7
Center of solvent box is: -93.871745, 0.000000, -56.323047
Adding box at: x=11  y=2  z=8
Center of solvent box is: -93.871745, 0.000000, -75.097396
Adding box at: x=11  y=3  z=0
Center of solvent box is: -93.871745, -18.774349, 75.097396
Adding box at: x=11  y=3  z=1
Center of solvent box is: -93.871745, -18.774349, 56.323047
Adding box at: x=11  y=3  z=2
Center of solvent box is: -93.871745, -18.774349, 37.548698
Adding box at: x=11  y=3  z=3
Center of solvent box is: -93.871745, -18.774349, 18.774349
Adding box at: x=11  y=3  z=4
Center of solvent box is: -93.871745, -18.774349, 0.000000
Adding box at: x=11  y=3  z=5
Center of solvent box is: -93.871745, -18.774349, -18.774349
Adding box at: x=11  y=3  z=6
Center of solvent box is: -93.871745, -18.774349, -37.548698
Adding box at: x=11  y=3  z=7
Center of solvent box is: -93.871745, -18.774349, -56.323047
Adding box at: x=11  y=3  z=8
Center of solvent box is: -93.871745, -18.774349, -75.097396
Adding box at: x=11  y=4  z=0
Center of solvent box is: -93.871745, -37.548698, 75.097396
Adding box at: x=11  y=4  z=1
Center of solvent box is: -93.871745, -37.548698, 56.323047
Adding box at: x=11  y=4  z=2
Center of solvent box is: -93.871745, -37.548698, 37.548698
Adding box at: x=11  y=4  z=3
Center of solvent box is: -93.871745, -37.548698, 18.774349
Adding box at: x=11  y=4  z=4
Center of solvent box is: -93.871745, -37.548698, 0.000000
Adding box at: x=11  y=4  z=5
Center of solvent box is: -93.871745, -37.548698, -18.774349
Adding box at: x=11  y=4  z=6
Center of solvent box is: -93.871745, -37.548698, -37.548698
Adding box at: x=11  y=4  z=7
Center of solvent box is: -93.871745, -37.548698, -56.323047
Adding box at: x=11  y=4  z=8
Center of solvent box is: -93.871745, -37.548698, -75.097396
Adding box at: x=12  y=0  z=0
Center of solvent box is: -112.646094, 37.548698, 75.097396
Adding box at: x=12  y=0  z=1
Center of solvent box is: -112.646094, 37.548698, 56.323047
Adding box at: x=12  y=0  z=2
Center of solvent box is: -112.646094, 37.548698, 37.548698
Adding box at: x=12  y=0  z=3
Center of solvent box is: -112.646094, 37.548698, 18.774349
Adding box at: x=12  y=0  z=4
Center of solvent box is: -112.646094, 37.548698, 0.000000
Adding box at: x=12  y=0  z=5
Center of solvent box is: -112.646094, 37.548698, -18.774349
Adding box at: x=12  y=0  z=6
Center of solvent box is: -112.646094, 37.548698, -37.548698
Adding box at: x=12  y=0  z=7
Center of solvent box is: -112.646094, 37.548698, -56.323047
Adding box at: x=12  y=0  z=8
Center of solvent box is: -112.646094, 37.548698, -75.097396
Adding box at: x=12  y=1  z=0
Center of solvent box is: -112.646094, 18.774349, 75.097396
Adding box at: x=12  y=1  z=1
Center of solvent box is: -112.646094, 18.774349, 56.323047
Adding box at: x=12  y=1  z=2
Center of solvent box is: -112.646094, 18.774349, 37.548698
Adding box at: x=12  y=1  z=3
Center of solvent box is: -112.646094, 18.774349, 18.774349
Adding box at: x=12  y=1  z=4
Center of solvent box is: -112.646094, 18.774349, 0.000000
Adding box at: x=12  y=1  z=5
Center of solvent box is: -112.646094, 18.774349, -18.774349
Adding box at: x=12  y=1  z=6
Center of solvent box is: -112.646094, 18.774349, -37.548698
Adding box at: x=12  y=1  z=7
Center of solvent box is: -112.646094, 18.774349, -56.323047
Adding box at: x=12  y=1  z=8
Center of solvent box is: -112.646094, 18.774349, -75.097396
Adding box at: x=12  y=2  z=0
Center of solvent box is: -112.646094, 0.000000, 75.097396
Adding box at: x=12  y=2  z=1
Center of solvent box is: -112.646094, 0.000000, 56.323047
Adding box at: x=12  y=2  z=2
Center of solvent box is: -112.646094, 0.000000, 37.548698
Adding box at: x=12  y=2  z=3
Center of solvent box is: -112.646094, 0.000000, 18.774349
Adding box at: x=12  y=2  z=4
Center of solvent box is: -112.646094, 0.000000, 0.000000
Adding box at: x=12  y=2  z=5
Center of solvent box is: -112.646094, 0.000000, -18.774349
Adding box at: x=12  y=2  z=6
Center of solvent box is: -112.646094, 0.000000, -37.548698
Adding box at: x=12  y=2  z=7
Center of solvent box is: -112.646094, 0.000000, -56.323047
Adding box at: x=12  y=2  z=8
Center of solvent box is: -112.646094, 0.000000, -75.097396
Adding box at: x=12  y=3  z=0
Center of solvent box is: -112.646094, -18.774349, 75.097396
Adding box at: x=12  y=3  z=1
Center of solvent box is: -112.646094, -18.774349, 56.323047
Adding box at: x=12  y=3  z=2
Center of solvent box is: -112.646094, -18.774349, 37.548698
Adding box at: x=12  y=3  z=3
Center of solvent box is: -112.646094, -18.774349, 18.774349
Adding box at: x=12  y=3  z=4
Center of solvent box is: -112.646094, -18.774349, 0.000000
Adding box at: x=12  y=3  z=5
Center of solvent box is: -112.646094, -18.774349, -18.774349
Adding box at: x=12  y=3  z=6
Center of solvent box is: -112.646094, -18.774349, -37.548698
Adding box at: x=12  y=3  z=7
Center of solvent box is: -112.646094, -18.774349, -56.323047
Adding box at: x=12  y=3  z=8
Center of solvent box is: -112.646094, -18.774349, -75.097396
Adding box at: x=12  y=4  z=0
Center of solvent box is: -112.646094, -37.548698, 75.097396
Adding box at: x=12  y=4  z=1
Center of solvent box is: -112.646094, -37.548698, 56.323047
Adding box at: x=12  y=4  z=2
Center of solvent box is: -112.646094, -37.548698, 37.548698
Adding box at: x=12  y=4  z=3
Center of solvent box is: -112.646094, -37.548698, 18.774349
Adding box at: x=12  y=4  z=4
Center of solvent box is: -112.646094, -37.548698, 0.000000
Adding box at: x=12  y=4  z=5
Center of solvent box is: -112.646094, -37.548698, -18.774349
Adding box at: x=12  y=4  z=6
Center of solvent box is: -112.646094, -37.548698, -37.548698
Adding box at: x=12  y=4  z=7
Center of solvent box is: -112.646094, -37.548698, -56.323047
Adding box at: x=12  y=4  z=8
Center of solvent box is: -112.646094, -37.548698, -75.097396
  Total vdw box size:                   245.378 81.320 155.497 angstroms.
  Volume: 3102837.440 A^3 
  Total mass 1647990.254 amu,  Density 0.882 g/cc
  Added 90468 residues.
> check lu
Checking 'lu'....
WARNING: The unperturbed charge of the unit: -4.000000 is not zero.
Warning: Close contact of 1.463239 angstroms between .R<GLU 31>.A<H 2> and .R<LEU 32>.A<H 2>
Warning: Close contact of 1.386181 angstroms between .R<CYS 51>.A<SG 8> and .R<CYS 81>.A<HG 9>
Checking parameters for unit 'lu'.
Checking for bond parameters.
Checking for angle parameters.
check:  Warnings: 3
Unit is OK.
> saveamberparm lu 2baf_sh.prmtop 2baf_sh.inpcrd
Checking Unit.
WARNING: The unperturbed charge of the unit: -4.000000 is not zero.

 -- ignoring the warning.

Building topology.
Building atom parameters.
Building bond parameters.
Building angle parameters.
Building proper torsion parameters.
Building improper torsion parameters.
 ** Warning: No sp2 improper torsion term for  C*-CN-CB-CA
        atoms are: CG CE2 CD2 CE3
 ** Warning: No sp2 improper torsion term for  NA-CA-CN-CB
        atoms are: NE1 CZ2 CE2 CD2
 total 516 improper torsions applied
Building H-Bond parameters.
Incorporating Non-Bonded adjustments.
Not Marking per-residue atom chain types.
Marking per-residue atom chain types.
  (Residues lacking connect0/connect1 - 
   these don't have chain types marked:

	res	total affected

	CPHE	1
	NMET	1
	WAT	90468
  )
 (no restraints)
> savepdb lu 2baf_sh.pdb
Writing pdb file: 2baf_sh.pdb
   printing CRYST1 record to PDB file with box info
 Converting N-terminal residue name to PDB format: NMET -> MET
 Converting C-terminal residue name to PDB format: CPHE -> PHE
 
> quit
	Quit
